-------------------------------------------------------------------------------
Test set: facade.DBFacadeTest
-------------------------------------------------------------------------------
Tests run: 2, Failures: 1, Errors: 0, Skipped: 0, Time elapsed: 0.356 s <<< FAILURE! - in facade.DBFacadeTest
testUserDetails  Time elapsed: 0.337 s  <<< FAILURE!
org.opentest4j.AssertionFailedError: expected: <Hansn> but was: <Hansen>
	at facade.DBFacadeTest.testUserDetails(DBFacadeTest.java:73)

